<?xml version="1.0" encoding="UTF-8"?>
<!-- Generated by org.testng.reporters.JUnitReportReporter -->
<testsuite skipped="0" hostname="DESKTOP-LPU85BR" name="com.demo.testng.Day3DataProvide" tests="3" failures="0" timestamp="19 Apr 2021 11:12:53 GMT" time="82.019" errors="0">
  <testcase name="login" time="22.089" classname="com.demo.testng.Day3DataProvide"/>
  <testcase name="login" time="47.365" classname="com.demo.testng.Day3DataProvide"/>
  <testcase name="login" time="12.565" classname="com.demo.testng.Day3DataProvide"/>
</testsuite> <!-- com.demo.testng.Day3DataProvide -->
