<?xml version="1.0" encoding="UTF-8"?>
<!-- Generated by org.testng.reporters.JUnitReportReporter -->
<testsuite skipped="0" hostname="DESKTOP-LPU85BR" name="com.demo.testng.Sample" tests="3" failures="0" timestamp="19 Apr 2021 11:25:19 GMT" time="0.080" errors="0">
  <testcase name="login" time="0.032" classname="com.demo.testng.Sample"/>
  <testcase name="login" time="0.014" classname="com.demo.testng.Sample"/>
  <testcase name="login" time="0.034" classname="com.demo.testng.Sample"/>
</testsuite> <!-- com.demo.testng.Sample -->
