<?xml version="1.0" encoding="UTF-8"?>
<!-- Generated by org.testng.reporters.JUnitReportReporter -->
<testsuite hostname="LAPTOP-QS1M0H66" failures="0" tests="3" name="com.demo.testng.Amazon" time="1.586" errors="0" timestamp="26 Apr 2021 18:04:08 GMT" skipped="0">
  <testcase classname="com.demo.testng.Amazon" name="test1" time="0.785"/>
  <testcase classname="com.demo.testng.Amazon" name="test2" time="0.098"/>
  <testcase classname="com.demo.testng.Amazon" name="test3" time="0.703"/>
</testsuite> <!-- com.demo.testng.Amazon -->
