<?xml version="1.0" encoding="UTF-8"?>
<!-- Generated by org.testng.reporters.JUnitReportReporter -->
<testsuite skipped="0" hostname="DESKTOP-LPU85BR" name="com.demo.testng.Day1Intro" tests="2" failures="0" timestamp="23 Apr 2021 07:46:02 GMT" time="0.015" errors="0">
  <testcase name="test2" time="0.006" classname="com.demo.testng.Day1Intro"/>
  <testcase name="test1" time="0.009" classname="com.demo.testng.Day1Intro"/>
</testsuite> <!-- com.demo.testng.Day1Intro -->
