<?xml version="1.0" encoding="UTF-8"?>
<!-- Generated by org.testng.reporters.JUnitReportReporter -->
<testsuite skipped="1" hostname="DESKTOP-LPU85BR" name="com.demo.testng.Day2" tests="13" failures="0" timestamp="15 Apr 2021 03:04:37 GMT" time="7.765" errors="0">
  <testcase name="test3" time="0.436" classname="com.demo.testng.Day2"/>
  <testcase name="test4" time="0.006" classname="com.demo.testng.Day2"/>
  <testcase name="test4" time="0.003" classname="com.demo.testng.Day2"/>
  <testcase name="test4" time="0.005" classname="com.demo.testng.Day2"/>
  <testcase name="test4" time="0.013" classname="com.demo.testng.Day2"/>
  <testcase name="test4" time="0.011" classname="com.demo.testng.Day2"/>
  <testcase name="test4" time="0.020" classname="com.demo.testng.Day2"/>
  <testcase name="test4" time="0.004" classname="com.demo.testng.Day2"/>
  <testcase name="test4" time="0.009" classname="com.demo.testng.Day2"/>
  <testcase name="test4" time="0.005" classname="com.demo.testng.Day2"/>
  <testcase name="test4" time="0.007" classname="com.demo.testng.Day2"/>
  <testcase name="test2" time="7.246" classname="com.demo.testng.Day2"/>
  <testcase name="test1" classname="com.demo.testng.Day2">
    <skipped/>
  </testcase> <!-- test1 -->
</testsuite> <!-- com.demo.testng.Day2 -->
